<?xml version="1.0" encoding="UTF-8"?>
<!-- Generated by org.testng.reporters.JUnitReportReporter -->
<testsuite hostname="LAPTOP-GKK5FGOO" failures="0" tests="1" name="com.obsqura.tests.CreateDeleteExpenseTest" time="8.786" errors="0" timestamp="2024-03-20T11:43:28 IST" skipped="0">
  <testcase classname="com.obsqura.tests.CreateDeleteExpenseTest" name="verifyUserIsAbleTocreateDeleteExpense" time="8.786"/>
</testsuite> <!-- com.obsqura.tests.CreateDeleteExpenseTest -->
