<?xml version="1.0" encoding="UTF-8"?>
<!-- Generated by org.testng.reporters.JUnitReportReporter -->
<testsuite hostname="LAPTOP-GKK5FGOO" failures="0" tests="1" name="com.obsqura.tests.CreateExpenseTest" time="44.402" errors="0" timestamp="2024-03-19T19:57:45 IST" skipped="0">
  <testcase classname="com.obsqura.tests.CreateExpenseTest" name="anotherTest" time="44.402"/>
</testsuite> <!-- com.obsqura.tests.CreateExpenseTest -->
