<?xml version="1.0" encoding="UTF-8"?>
<!-- Generated by org.testng.reporters.JUnitReportReporter -->
<testsuite hostname="LAPTOP-GKK5FGOO" failures="0" tests="1" name="com.obsqura.tests.CreateNewsTest" time="7.061" errors="0" timestamp="2024-03-20T11:43:28 IST" skipped="0">
  <testcase classname="com.obsqura.tests.CreateNewsTest" name="createNews" time="7.061"/>
</testsuite> <!-- com.obsqura.tests.CreateNewsTest -->
