<?xml version="1.0" encoding="UTF-8"?>
<!-- Generated by org.testng.reporters.JUnitReportReporter -->
<testsuite hostname="LAPTOP-GKK5FGOO" failures="0" tests="1" name="com.obsqura.tests.LoginTest" time="7.994" errors="0" timestamp="2024-03-20T11:43:28 IST" skipped="0">
  <testcase classname="com.obsqura.tests.LoginTest" name="verifyUserIsAbleToLogin" time="7.994"/>
</testsuite> <!-- com.obsqura.tests.LoginTest -->
