<?xml version="1.0" encoding="UTF-8"?>
<!-- Generated by org.testng.reporters.JUnitReportReporter -->
<testsuite hostname="LAPTOP-GKK5FGOO" failures="0" tests="2" name="com.obsqura.tests.CreateDeliveryBoyTest" time="18.513" errors="0" timestamp="2024-03-20T11:43:28 IST" skipped="0">
  <testcase classname="com.obsqura.tests.CreateDeliveryBoyTest" name="createDeliveryBoy" time="8.635"/>
  <testcase classname="com.obsqura.tests.CreateDeliveryBoyTest" name="createDeliveryBoy" time="9.878"/>
</testsuite> <!-- com.obsqura.tests.CreateDeliveryBoyTest -->
